This is pdfTeX, Version 3.14159265-2.6-1.40.19 (MiKTeX 2.9.6930 64-bit) (preloaded format=pdflatex 2019.3.9)  21 MAR 2019 22:35
entering extended mode
**./Tarea4-DocumentacionAnalisis-Analisis-IS-Grupo-ApellidosNombre.tex
(Tarea4-DocumentacionAnalisis-Analisis-IS-Grupo-ApellidosNombre.tex
LaTeX2e <2018-12-01>
("C:\Users\maryf\AppData\Local\Programs\MiKTeX 2.9\tex/latex/base\report.cls"
Document Class: report 2018/09/03 v1.4i Standard LaTeX document class
("C:\Users\maryf\AppData\Local\Programs\MiKTeX 2.9\tex/latex/base\size11.clo"
File: size11.clo 2018/09/03 v1.4i Standard LaTeX file (size option)
)
\c@part=\count80
\c@chapter=\count81
\c@section=\count82
\c@subsection=\count83
\c@subsubsection=\count84
\c@paragraph=\count85
\c@subparagraph=\count86
\c@figure=\count87
\c@table=\count88
\abovecaptionskip=\skip41
\belowcaptionskip=\skip42
\bibindent=\dimen102
) ("C:\Users\maryf\AppData\Local\Programs\MiKTeX 2.9\tex/generic/babel\babel.st
y"
Package: babel 2018/11/13 3.27 The Babel package

("C:\Users\maryf\AppData\Local\Programs\MiKTeX 2.9\tex/generic/babel\switch.def
"
File: switch.def 2018/11/13 3.27 Babel switching mechanism
)
*************************************
* Local config file bblopts.cfg used
*
("C:\Users\maryf\AppData\Local\Programs\MiKTeX 2.9\tex/latex/arabi\bblopts.cfg"
File: bblopts.cfg 2005/09/08 v0.1 add Arabic and Farsi to "declared" options of
 babel
)
("C:\Users\maryf\AppData\Local\Programs\MiKTeX 2.9\tex/latex/babel-spanish\span
ish.ldf"
Language: spanish.ldf 2016/03/03 v5.0p Spanish support from the babel system

("C:\Users\maryf\AppData\Local\Programs\MiKTeX 2.9\tex/generic/babel\babel.def"
File: babel.def 2018/11/13 3.27 Babel common definitions
\babel@savecnt=\count89
\U@D=\dimen103

("C:\Users\maryf\AppData\Local\Programs\MiKTeX 2.9\tex/generic/babel\txtbabel.d
ef")
\bbl@dirlevel=\count90
)
\es@quottoks=\toks14
\es@quotdepth=\count91
Package babel Info: Making " an active character on input line 561.
Package babel Info: Making . an active character on input line 662.
Package babel Info: Making < an active character on input line 707.
Package babel Info: Making > an active character on input line 707.
))
("C:\Users\maryf\AppData\Local\Programs\MiKTeX 2.9\tex/latex/graphics\graphicx.
sty"
Package: graphicx 2017/06/01 v1.1a Enhanced LaTeX Graphics (DPC,SPQR)

("C:\Users\maryf\AppData\Local\Programs\MiKTeX 2.9\tex/latex/graphics\keyval.st
y"
Package: keyval 2014/10/28 v1.15 key=value parser (DPC)
\KV@toks@=\toks15
)
("C:\Users\maryf\AppData\Local\Programs\MiKTeX 2.9\tex/latex/graphics\graphics.
sty"
Package: graphics 2017/06/25 v1.2c Standard LaTeX Graphics (DPC,SPQR)

("C:\Users\maryf\AppData\Local\Programs\MiKTeX 2.9\tex/latex/graphics\trig.sty"
Package: trig 2016/01/03 v1.10 sin cos tan (DPC)
)
("C:\Users\maryf\AppData\Local\Programs\MiKTeX 2.9\tex/latex/graphics-cfg\graph
ics.cfg"
File: graphics.cfg 2016/06/04 v1.11 sample graphics configuration
)
Package graphics Info: Driver file: pdftex.def on input line 99.

("C:\Users\maryf\AppData\Local\Programs\MiKTeX 2.9\tex/latex/graphics-def\pdfte
x.def"
File: pdftex.def 2018/01/08 v1.0l Graphics/color driver for pdftex
))
\Gin@req@height=\dimen104
\Gin@req@width=\dimen105
)
("C:\Users\maryf\AppData\Local\Programs\MiKTeX 2.9\tex/latex/base\inputenc.sty"
Package: inputenc 2018/08/11 v1.3c Input encoding file
\inpenc@prehook=\toks16
\inpenc@posthook=\toks17
)
("C:\Users\maryf\AppData\Local\Programs\MiKTeX 2.9\tex/latex/hyperref\hyperref.
sty"
Package: hyperref 2018/11/30 v6.88e Hypertext links for LaTeX

("C:\Users\maryf\AppData\Local\Programs\MiKTeX 2.9\tex/generic/oberdiek\hobsub-
hyperref.sty"
Package: hobsub-hyperref 2016/05/16 v1.14 Bundle oberdiek, subset hyperref (HO)


("C:\Users\maryf\AppData\Local\Programs\MiKTeX 2.9\tex/generic/oberdiek\hobsub-
generic.sty"
Package: hobsub-generic 2016/05/16 v1.14 Bundle oberdiek, subset generic (HO)
Package: hobsub 2016/05/16 v1.14 Construct package bundles (HO)
Package: infwarerr 2016/05/16 v1.4 Providing info/warning/error messages (HO)
Package: ltxcmds 2016/05/16 v1.23 LaTeX kernel commands for general use (HO)
Package: ifluatex 2016/05/16 v1.4 Provides the ifluatex switch (HO)
Package ifluatex Info: LuaTeX not detected.
Package: ifvtex 2016/05/16 v1.6 Detect VTeX and its facilities (HO)
Package ifvtex Info: VTeX not detected.
Package: intcalc 2016/05/16 v1.2 Expandable calculations with integers (HO)
Package: ifpdf 2018/09/07 v3.3 Provides the ifpdf switch
Package: etexcmds 2016/05/16 v1.6 Avoid name clashes with e-TeX commands (HO)
Package: kvsetkeys 2016/05/16 v1.17 Key value parser (HO)
Package: kvdefinekeys 2016/05/16 v1.4 Define keys (HO)
Package: pdftexcmds 2018/09/10 v0.29 Utility functions of pdfTeX for LuaTeX (HO
)
Package pdftexcmds Info: LuaTeX not detected.
Package pdftexcmds Info: \pdf@primitive is available.
Package pdftexcmds Info: \pdf@ifprimitive is available.
Package pdftexcmds Info: \pdfdraftmode found.
Package: pdfescape 2016/05/16 v1.14 Implements pdfTeX's escape features (HO)
Package: bigintcalc 2016/05/16 v1.4 Expandable calculations on big integers (HO
)
Package: bitset 2016/05/16 v1.2 Handle bit-vector datatype (HO)
Package: uniquecounter 2016/05/16 v1.3 Provide unlimited unique counter (HO)
)
Package hobsub Info: Skipping package `hobsub' (already loaded).
Package: letltxmacro 2016/05/16 v1.5 Let assignment for LaTeX macros (HO)
Package: hopatch 2016/05/16 v1.3 Wrapper for package hooks (HO)
Package: xcolor-patch 2016/05/16 xcolor patch
Package: atveryend 2016/05/16 v1.9 Hooks at the very end of document (HO)
Package atveryend Info: \enddocument detected (standard20110627).
Package: atbegshi 2016/06/09 v1.18 At begin shipout hook (HO)
Package: refcount 2016/05/16 v3.5 Data extraction from label references (HO)
Package: hycolor 2016/05/16 v1.8 Color options for hyperref/bookmark (HO)
)
("C:\Users\maryf\AppData\Local\Programs\MiKTeX 2.9\tex/generic/ifxetex\ifxetex.
sty"
Package: ifxetex 2010/09/12 v0.6 Provides ifxetex conditional
)
("C:\Users\maryf\AppData\Local\Programs\MiKTeX 2.9\tex/latex/oberdiek\auxhook.s
ty"
Package: auxhook 2016/05/16 v1.4 Hooks for auxiliary files (HO)
)
("C:\Users\maryf\AppData\Local\Programs\MiKTeX 2.9\tex/latex/oberdiek\kvoptions
.sty"
Package: kvoptions 2016/05/16 v3.12 Key value format for package options (HO)
)
\@linkdim=\dimen106
\Hy@linkcounter=\count92
\Hy@pagecounter=\count93

("C:\Users\maryf\AppData\Local\Programs\MiKTeX 2.9\tex/latex/hyperref\pd1enc.de
f"
File: pd1enc.def 2018/11/30 v6.88e Hyperref: PDFDocEncoding definition (HO)
Now handling font encoding PD1 ...
... no UTF-8 mapping file for font encoding PD1
)
\Hy@SavedSpaceFactor=\count94

("C:\Users\maryf\AppData\Local\Programs\MiKTeX 2.9\tex/latex/00miktex\hyperref.
cfg"
File: hyperref.cfg 2002/06/06 v1.2 hyperref configuration of TeXLive
)
Package hyperref Info: Hyper figures OFF on input line 4519.
Package hyperref Info: Link nesting OFF on input line 4524.
Package hyperref Info: Hyper index ON on input line 4527.
Package hyperref Info: Plain pages OFF on input line 4534.
Package hyperref Info: Backreferencing OFF on input line 4539.
Package hyperref Info: Implicit mode ON; LaTeX internals redefined.
Package hyperref Info: Bookmarks ON on input line 4772.
\c@Hy@tempcnt=\count95
 ("C:\Users\maryf\AppData\Local\Programs\MiKTeX 2.9\tex/latex/url\url.sty"
\Urlmuskip=\muskip10
Package: url 2013/09/16  ver 3.4  Verb mode for urls, etc.
)
LaTeX Info: Redefining \url on input line 5125.
\XeTeXLinkMargin=\dimen107
\Fld@menulength=\count96
\Field@Width=\dimen108
\Fld@charsize=\dimen109
Package hyperref Info: Hyper figures OFF on input line 6380.
Package hyperref Info: Link nesting OFF on input line 6385.
Package hyperref Info: Hyper index ON on input line 6388.
Package hyperref Info: backreferencing OFF on input line 6395.
Package hyperref Info: Link coloring OFF on input line 6400.
Package hyperref Info: Link coloring with OCG OFF on input line 6405.
Package hyperref Info: PDF/A mode OFF on input line 6410.
LaTeX Info: Redefining \ref on input line 6450.
LaTeX Info: Redefining \pageref on input line 6454.
\Hy@abspage=\count97
\c@Item=\count98
\c@Hfootnote=\count99
)
Package hyperref Info: Driver (autodetected): hpdftex.

("C:\Users\maryf\AppData\Local\Programs\MiKTeX 2.9\tex/latex/hyperref\hpdftex.d
ef"
File: hpdftex.def 2018/11/30 v6.88e Hyperref driver for pdfTeX
\Fld@listcount=\count100
\c@bookmark@seq@number=\count101

("C:\Users\maryf\AppData\Local\Programs\MiKTeX 2.9\tex/latex/oberdiek\rerunfile
check.sty"
Package: rerunfilecheck 2016/05/16 v1.8 Rerun checks for auxiliary files (HO)
Package uniquecounter Info: New unique counter `rerunfilecheck' on input line 2
82.
)
\Hy@SectionHShift=\skip43
)
(Tarea4-DocumentacionAnalisis-Analisis-IS-Grupo-ApellidosNombre.aux
LaTeX Info: Redefining \. on input line 23.
LaTeX Info: Redefining \% on input line 23.
)
\openout1 = `Tarea4-DocumentacionAnalisis-Analisis-IS-Grupo-ApellidosNombre.aux
'.

LaTeX Font Info:    Checking defaults for OML/cmm/m/it on input line 20.
LaTeX Font Info:    ... okay on input line 20.
LaTeX Font Info:    Checking defaults for T1/cmr/m/n on input line 20.
LaTeX Font Info:    ... okay on input line 20.
LaTeX Font Info:    Checking defaults for OT1/cmr/m/n on input line 20.
LaTeX Font Info:    ... okay on input line 20.
LaTeX Font Info:    Checking defaults for OMS/cmsy/m/n on input line 20.
LaTeX Font Info:    ... okay on input line 20.
LaTeX Font Info:    Checking defaults for OMX/cmex/m/n on input line 20.
LaTeX Font Info:    ... okay on input line 20.
LaTeX Font Info:    Checking defaults for U/cmr/m/n on input line 20.
LaTeX Font Info:    ... okay on input line 20.
LaTeX Font Info:    Checking defaults for PD1/pdf/m/n on input line 20.
LaTeX Font Info:    ... okay on input line 20.
LaTeX Info: Redefining \. on input line 20.
LaTeX Info: Redefining \% on input line 20.

("C:\Users\maryf\AppData\Local\Programs\MiKTeX 2.9\tex/context/base/mkii\supp-p
df.mkii"
[Loading MPS to PDF converter (version 2006.09.02).]
\scratchcounter=\count102
\scratchdimen=\dimen110
\scratchbox=\box27
\nofMPsegments=\count103
\nofMParguments=\count104
\everyMPshowfont=\toks18
\MPscratchCnt=\count105
\MPscratchDim=\dimen111
\MPnumerator=\count106
\makeMPintoPDFobject=\count107
\everyMPtoPDFconversion=\toks19
)
("C:\Users\maryf\AppData\Local\Programs\MiKTeX 2.9\tex/latex/oberdiek\epstopdf-
base.sty"
Package: epstopdf-base 2016/05/15 v2.6 Base part for package epstopdf

("C:\Users\maryf\AppData\Local\Programs\MiKTeX 2.9\tex/latex/oberdiek\grfext.st
y"
Package: grfext 2016/05/16 v1.2 Manage graphics extensions (HO)
)
Package epstopdf-base Info: Redefining graphics rule for `.eps' on input line 4
38.
Package grfext Info: Graphics extension search list:
(grfext)             [.pdf,.png,.jpg,.mps,.jpeg,.jbig2,.jb2,.PDF,.PNG,.JPG,.JPE
G,.JBIG2,.JB2,.eps]
(grfext)             \AppendGraphicsExtensions on input line 456.
)
\AtBeginShipoutBox=\box28
Package hyperref Info: Link coloring OFF on input line 20.

("C:\Users\maryf\AppData\Local\Programs\MiKTeX 2.9\tex/latex/hyperref\nameref.s
ty"
Package: nameref 2016/05/21 v2.44 Cross-referencing by name of section

("C:\Users\maryf\AppData\Local\Programs\MiKTeX 2.9\tex/generic/oberdiek\gettitl
estring.sty"
Package: gettitlestring 2016/05/16 v1.5 Cleanup title references (HO)
)
\c@section@level=\count108
)
LaTeX Info: Redefining \ref on input line 20.
LaTeX Info: Redefining \pageref on input line 20.
LaTeX Info: Redefining \nameref on input line 20.

(Tarea4-DocumentacionAnalisis-Analisis-IS-Grupo-ApellidosNombre.out)
(Tarea4-DocumentacionAnalisis-Analisis-IS-Grupo-ApellidosNombre.out)
\@outlinefile=\write3
\openout3 = `Tarea4-DocumentacionAnalisis-Analisis-IS-Grupo-ApellidosNombre.out
'.


(portada.tex [1

{C:/Users/maryf/AppData/Local/MiKTeX/2.9/pdftex/config/pdftex.map}]) (resumen.t
expdfTeX warning (ext4): destination with the same identifier (name{page.1}) ha
s been already used, duplicate ignored
<to be read again> 
                   \relax 
l.9 \end{abstract}
                   [1])
(Tarea4-DocumentacionAnalisis-Analisis-IS-Grupo-ApellidosNombre.toc
LaTeX Info: Redefining \. on input line 1.
LaTeX Info: Redefining \% on input line 1.
LaTeX Font Info:    External font `cmex10' loaded for size
(Font)              <10.95> on input line 3.
LaTeX Font Info:    External font `cmex10' loaded for size
(Font)              <8> on input line 3.
LaTeX Font Info:    External font `cmex10' loaded for size
(Font)              <6> on input line 3.
 [1

])
\tf@toc=\write4
\openout4 = `Tarea4-DocumentacionAnalisis-Analisis-IS-Grupo-ApellidosNombre.toc
'.

LaTeX Info: Redefining \. on input line 41.
LaTeX Info: Redefining \% on input line 41.

[2] (Tarea4-DocumentacionAnalisis-Analisis-IS-Grupo-ApellidosNombre.lof
LaTeX Info: Redefining \. on input line 1.
LaTeX Info: Redefining \% on input line 1.
)
\tf@lof=\write5
\openout5 = `Tarea4-DocumentacionAnalisis-Analisis-IS-Grupo-ApellidosNombre.lof
'.


[3

] (Introduccion.tex
Cap\'{\i }tulo 1.
) (ModeloNegocio/negocio.texpdfTeX warning (ext4): destination with the same id
entifier (name{page.1}) has been already used, duplicate ignored
<to be read again> 
                   \relax 
l.3 \chapter
            {Modelo de negocio} [1


]
Cap\'{\i }tulo 2.
(ModeloNegocio/estados.tex [2

]
<imagenes/CiclosDeVida/cv-Orden.png, id=281, 571.13374pt x 487.8225pt>
File: imagenes/CiclosDeVida/cv-Orden.png Graphic file (type png)
<use imagenes/CiclosDeVida/cv-Orden.png>
Package pdftex.def Info: imagenes/CiclosDeVida/cv-Orden.png  used on input line
 34.
(pdftex.def)             Requested size: 285.56618pt x 243.91064pt.
LaTeX Info: Redefining \. on input line 47.
LaTeX Info: Redefining \% on input line 47.
 [3 <./imagenes/CiclosDeVida/cv-Orden.png>])
(ModeloNegocio/reglas-sistema.tex) (ModeloNegocio/reglas-negocio.tex
LaTeX Info: Redefining \. on input line 4.
LaTeX Info: Redefining \% on input line 4.
 [4]
Underfull \hbox (badness 10000) in paragraph at lines 14--15

 []

LaTeX Font Info:    Try loading font information for OMS+cmr on input line 24.
("C:\Users\maryf\AppData\Local\Programs\MiKTeX 2.9\tex/latex/base\omscmr.fd"
File: omscmr.fd 2014/09/29 v2.5h Standard LaTeX font definitions
)
LaTeX Font Info:    Font shape `OMS/cmr/m/n' in size <10.95> not available
(Font)              Font shape `OMS/cmsy/m/n' tried instead on input line 24.
)) (ModeloComportamiento/comportamiento.tex
LaTeX Info: Redefining \. on input line 4.
LaTeX Info: Redefining \% on input line 4.
 [5]
Cap\'{\i }tulo 3.
(ModeloComportamiento/modulos.tex
<imagenes/modulos/Modulos-PizzaCollaboration.png, id=314, 864.22874pt x 319.192
5pt>
File: imagenes/modulos/Modulos-PizzaCollaboration.png Graphic file (type png)
<use imagenes/modulos/Modulos-PizzaCollaboration.png>
Package pdftex.def Info: imagenes/modulos/Modulos-PizzaCollaboration.png  used 
on input line 24.
(pdftex.def)             Requested size: 388.89934pt x 143.63528pt.

Overfull \hbox (28.89934pt too wide) in paragraph at lines 24--25
 [] 
 []


LaTeX Warning: `h' float specifier changed to `ht'.

) (ModeloComportamiento/CasosUso.tex [6

]
<imagenes/CUs/RegistroSolicitantes/CUs-PizzaCollaboration.png, id=320, 839.135p
t x 525.965pt>
File: imagenes/CUs/RegistroSolicitantes/CUs-PizzaCollaboration.png Graphic file
 (type png)
<use imagenes/CUs/RegistroSolicitantes/CUs-PizzaCollaboration.png>
Package pdftex.def Info: imagenes/CUs/RegistroSolicitantes/CUs-PizzaCollaborati
on.png  used on input line 15.
(pdftex.def)             Requested size: 419.56647pt x 262.98184pt.

Overfull \hbox (59.56647pt too wide) in paragraph at lines 15--16
 [] 
 []


LaTeX Warning: `h' float specifier changed to `ht'.

) (ModeloComportamiento/actores.tex
LaTeX Info: Redefining \. on input line 4.
LaTeX Info: Redefining \% on input line 4.
 [7 <./imagenes/modulos/Modulos-PizzaCollaboration.png>]
LaTeX Info: Redefining \. on input line 33.
LaTeX Info: Redefining \% on input line 33.
 [8 <./imagenes/CUs/RegistroSolicitantes/CUs-PizzaCollaboration.png>]))
(ModeloComportamiento/RegistroSolicitantes/ComportamientoRegistroSolicitantes.t
ex
LaTeX Info: Redefining \. on input line 3.
LaTeX Info: Redefining \% on input line 3.
 [9]
Cap\'{\i }tulo 4.
(ModeloComportamiento/RegistroSolicitantes/cu1-IniciarSesion.tex [10

]
Underfull \hbox (badness 10000) in paragraph at lines 8--9

 []

LaTeX Info: Redefining \. on input line 50.
LaTeX Info: Redefining \% on input line 50.

Overfull \hbox (46.51569pt too wide) has occurred while \output is active
\OT1/cmr/m/sl/10.95 CAP[]ITULO 4.  MODELO DE COMPORTAMIENTO: PIZZA COLLABORATIO
N \OT1/cmr/m/n/10.95 11
 []

[11]
Overfull \hbox (0.52339pt too wide) in paragraph at lines 92--93
[]\OT1/cmr/bx/n/10.95 Sistema. \OT1/cmr/m/n/10.95 Mues-tra en pan-ta-lla el men
-sa-je \OT1/cmr/bx/n/10.95 MSG1 Cam-pos Obli-
 []

LaTeX Info: Redefining \. on input line 103.
LaTeX Info: Redefining \% on input line 103.

Overfull \hbox (46.51569pt too wide) has occurred while \output is active
\OT1/cmr/m/sl/10.95 CAP[]ITULO 4.  MODELO DE COMPORTAMIENTO: PIZZA COLLABORATIO
N \OT1/cmr/m/n/10.95 12
 []

[12]
Underfull \hbox (badness 10000) in paragraph at lines 106--107

 []


Underfull \hbox (badness 10000) in paragraph at lines 109--112

 []


Underfull \hbox (badness 10000) in paragraph at lines 115--116

 []


Underfull \hbox (badness 10000) in paragraph at lines 118--121

 []


Underfull \hbox (badness 10000) in paragraph at lines 127--128

 []

LaTeX Info: Redefining \. on input line 151.
LaTeX Info: Redefining \% on input line 151.

Overfull \hbox (46.51569pt too wide) has occurred while \output is active
\OT1/cmr/m/sl/10.95 CAP[]ITULO 4.  MODELO DE COMPORTAMIENTO: PIZZA COLLABORATIO
N \OT1/cmr/m/n/10.95 13
 []

[13]
Underfull \hbox (badness 10000) in paragraph at lines 164--168

 []

LaTeX Info: Redefining \. on input line 200.
LaTeX Info: Redefining \% on input line 200.

Overfull \hbox (46.51569pt too wide) has occurred while \output is active
\OT1/cmr/m/sl/10.95 CAP[]ITULO 4.  MODELO DE COMPORTAMIENTO: PIZZA COLLABORATIO
N \OT1/cmr/m/n/10.95 14
 []

[14]
Underfull \hbox (badness 10000) in paragraph at lines 214--215

 []


Underfull \hbox (badness 10000) in paragraph at lines 217--220

 []


Underfull \hbox (badness 10000) in paragraph at lines 223--224

 []


Underfull \hbox (badness 10000) in paragraph at lines 226--229

 []


Underfull \hbox (badness 10000) in paragraph at lines 234--235

 []

LaTeX Info: Redefining \. on input line 245.
LaTeX Info: Redefining \% on input line 245.

Overfull \hbox (46.51569pt too wide) has occurred while \output is active
\OT1/cmr/m/sl/10.95 CAP[]ITULO 4.  MODELO DE COMPORTAMIENTO: PIZZA COLLABORATIO
N \OT1/cmr/m/n/10.95 15
 []

[15]
Underfull \hbox (badness 10000) in paragraph at lines 257--260

 []


Underfull \hbox (badness 10000) in paragraph at lines 271--273

 []

LaTeX Info: Redefining \. on input line 289.
LaTeX Info: Redefining \% on input line 289.

Overfull \hbox (46.51569pt too wide) has occurred while \output is active
\OT1/cmr/m/sl/10.95 CAP[]ITULO 4.  MODELO DE COMPORTAMIENTO: PIZZA COLLABORATIO
N \OT1/cmr/m/n/10.95 16
 []

[16]
Underfull \hbox (badness 10000) in paragraph at lines 317--318

 []


Underfull \hbox (badness 10000) in paragraph at lines 320--323

 []


Underfull \hbox (badness 10000) in paragraph at lines 326--327

 []


Underfull \hbox (badness 10000) in paragraph at lines 329--332

 []

LaTeX Info: Redefining \. on input line 332.
LaTeX Info: Redefining \% on input line 332.

Overfull \hbox (46.51569pt too wide) has occurred while \output is active
\OT1/cmr/m/sl/10.95 CAP[]ITULO 4.  MODELO DE COMPORTAMIENTO: PIZZA COLLABORATIO
N \OT1/cmr/m/n/10.95 17
 []

[17]
Underfull \hbox (badness 10000) in paragraph at lines 337--338

 []

LaTeX Info: Redefining \. on input line 373.
LaTeX Info: Redefining \% on input line 373.

Overfull \hbox (46.51569pt too wide) has occurred while \output is active
\OT1/cmr/m/sl/10.95 CAP[]ITULO 4.  MODELO DE COMPORTAMIENTO: PIZZA COLLABORATIO
N \OT1/cmr/m/n/10.95 18
 []

[18]
Underfull \hbox (badness 10000) in paragraph at lines 374--376

 []

LaTeX Info: Redefining \. on input line 426.
LaTeX Info: Redefining \% on input line 426.

Overfull \hbox (46.51569pt too wide) has occurred while \output is active
\OT1/cmr/m/sl/10.95 CAP[]ITULO 4.  MODELO DE COMPORTAMIENTO: PIZZA COLLABORATIO
N \OT1/cmr/m/n/10.95 19
 []

[19]
LaTeX Info: Redefining \. on input line 477.
LaTeX Info: Redefining \% on input line 477.

Overfull \hbox (46.51569pt too wide) has occurred while \output is active
\OT1/cmr/m/sl/10.95 CAP[]ITULO 4.  MODELO DE COMPORTAMIENTO: PIZZA COLLABORATIO
N \OT1/cmr/m/n/10.95 20
 []

[20]
Underfull \hbox (badness 10000) in paragraph at lines 489--490

 []


Underfull \hbox (badness 10000) in paragraph at lines 492--495

 []


Underfull \hbox (badness 10000) in paragraph at lines 498--499

 []

)
Underfull \hbox (badness 10000) in paragraph at lines 501--25

 []

) (ModeloInteraccion/interaccion.tex
LaTeX Info: Redefining \. on input line 3.
LaTeX Info: Redefining \% on input line 3.

Overfull \hbox (46.51569pt too wide) has occurred while \output is active
\OT1/cmr/m/sl/10.95 CAP[]ITULO 4.  MODELO DE COMPORTAMIENTO: PIZZA COLLABORATIO
N \OT1/cmr/m/n/10.95 21
 []

[21]
Cap\'{\i }tulo 5.
(ModeloInteraccion/IdentidadGrafica.tex
<imagenes/iconografia/Header.png, id=557, 476.78125pt x 265.99374pt>
File: imagenes/iconografia/Header.png Graphic file (type png)
<use imagenes/iconografia/Header.png>
Package pdftex.def Info: imagenes/iconografia/Header.png  used on input line 17
.
(pdftex.def)             Requested size: 238.39003pt x 132.99654pt.

Underfull \hbox (badness 10000) in paragraph at lines 15--18

 []

<imagenes/iconografia/ColorMenu.png, id=559, 123.46124pt x 67.75313pt>
File: imagenes/iconografia/ColorMenu.png Graphic file (type png)
<use imagenes/iconografia/ColorMenu.png>
Package pdftex.def Info: imagenes/iconografia/ColorMenu.png  used on input line
 24.
(pdftex.def)             Requested size: 123.46092pt x 67.75294pt.

Underfull \hbox (badness 10000) in paragraph at lines 22--26

 []

[22

 <./imagenes/iconografia/Header.png>]
<imagenes/iconografia/ColorBoton.png, id=565, 128.73094pt x 69.25874pt>
File: imagenes/iconografia/ColorBoton.png Graphic file (type png)
<use imagenes/iconografia/ColorBoton.png>
Package pdftex.def Info: imagenes/iconografia/ColorBoton.png  used on input lin
e 32.
(pdftex.def)             Requested size: 128.7306pt x 69.25856pt.

Underfull \hbox (badness 10000) in paragraph at lines 30--34

 []

<imagenes/iconografia/ColorColumnas.png, id=566, 127.97812pt x 67.75313pt>
File: imagenes/iconografia/ColorColumnas.png Graphic file (type png)
<use imagenes/iconografia/ColorColumnas.png>
Package pdftex.def Info: imagenes/iconografia/ColorColumnas.png  used on input 
line 40.
(pdftex.def)             Requested size: 127.9778pt x 67.75294pt.

Underfull \hbox (badness 10000) in paragraph at lines 38--42

 []

File: imagenes/iconografia/ColorMenu.png Graphic file (type png)
<use imagenes/iconografia/ColorMenu.png>
Package pdftex.def Info: imagenes/iconografia/ColorMenu.png  used on input line
 48.
(pdftex.def)             Requested size: 123.46092pt x 67.75294pt.
) (ModeloInteraccion/mensajes.tex
Underfull \hbox (badness 10000) in paragraph at lines 46--2

 []

LaTeX Info: Redefining \. on input line 2.
LaTeX Info: Redefining \% on input line 2.
[23 <./imagenes/iconografia/ColorMenu.png> <./imagenes/iconografia/ColorBoton.p
ng> <./imagenes/iconografia/ColorColumnas.png>]
LaTeX Info: Redefining \. on input line 43.
LaTeX Info: Redefining \% on input line 43.
 [24]
LaTeX Info: Redefining \. on input line 86.
LaTeX Info: Redefining \% on input line 86.
 [25]))
(ModeloInteraccion/RegistroSolicitantes/InteraccionRegistroSolicitantes.tex
LaTeX Info: Redefining \. on input line 3.
LaTeX Info: Redefining \% on input line 3.

[26]
Cap\'{\i }tulo 6.
(ModeloInteraccion/RegistroSolicitantes/iu1-IniciarSesion.tex [27

]
Underfull \hbox (badness 10000) in paragraph at lines 8--9

 []

<./imagenes/IUs/RegistroSolicitantes/iu1-IniciarSesion/IU1-MenuDePizzas.png, id
=599, 803.25093pt x 446.41782pt>
File: ./imagenes/IUs/RegistroSolicitantes/iu1-IniciarSesion/IU1-MenuDePizzas.pn
g Graphic file (type png)
<use ./imagenes/IUs/RegistroSolicitantes/iu1-IniciarSesion/IU1-MenuDePizzas.png
>
Package pdftex.def Info: ./imagenes/IUs/RegistroSolicitantes/iu1-IniciarSesion/
IU1-MenuDePizzas.png  used on input line 19.
(pdftex.def)             Requested size: 401.62448pt x 223.20836pt.

Overfull \hbox (41.62448pt too wide) in paragraph at lines 19--20
 [] 
 []

<imagenes/iconografia/Seleccionar.png, id=601, 113.67468pt x 37.64063pt>
File: imagenes/iconografia/Seleccionar.png Graphic file (type png)
<use imagenes/iconografia/Seleccionar.png>
Package pdftex.def Info: imagenes/iconografia/Seleccionar.png  used on input li
ne 35.
(pdftex.def)             Requested size: 56.83719pt x 18.82025pt.
<imagenes/iconografia/Carrito.png, id=603, 74.52844pt x 33.12375pt>
File: imagenes/iconografia/Carrito.png Graphic file (type png)
<use imagenes/iconografia/Carrito.png>
Package pdftex.def Info: imagenes/iconografia/Carrito.png  used on input line 3
6.
(pdftex.def)             Requested size: 37.26411pt x 16.56183pt.
<imagenes/iconografia/Menu.png, id=605, 60.97781pt x 30.86531pt>
File: imagenes/iconografia/Menu.png Graphic file (type png)
<use imagenes/iconografia/Menu.png>
Package pdftex.def Info: imagenes/iconografia/Menu.png  used on input line 37.
(pdftex.def)             Requested size: 30.48882pt x 15.4326pt.

Underfull \hbox (badness 10000) in paragraph at lines 45--46

 []

LaTeX Info: Redefining \. on input line 47.
LaTeX Info: Redefining \% on input line 47.

Overfull \hbox (15.6427pt too wide) has occurred while \output is active
\OT1/cmr/m/sl/10.95 CAP[]ITULO 6.  MODELO DE INTERACCI[]ON: PIZZA COLLABORATION
 \OT1/cmr/m/n/10.95 28
 []

[28 <./imagenes/IUs/RegistroSolicitantes/iu1-IniciarSesion/IU1-MenuDePizzas.png
> <./imagenes/iconografia/Seleccionar.png> <./imagenes/iconografia/Carrito.png>
 <./imagenes/iconografia/Menu.png>]
<./imagenes/IUs/RegistroSolicitantes/iu1-IniciarSesion/IU2-PersonalizaPizza.png
, id=617, 810.02625pt x 457.71pt>
File: ./imagenes/IUs/RegistroSolicitantes/iu1-IniciarSesion/IU2-PersonalizaPizz
a.png Graphic file (type png)
<use ./imagenes/IUs/RegistroSolicitantes/iu1-IniciarSesion/IU2-PersonalizaPizza
.png>
Package pdftex.def Info: ./imagenes/IUs/RegistroSolicitantes/iu1-IniciarSesion/
IU2-PersonalizaPizza.png  used on input line 56.
(pdftex.def)             Requested size: 405.01213pt x 228.85445pt.

Overfull \hbox (45.01213pt too wide) in paragraph at lines 56--57
 [] 
 []

File: imagenes/iconografia/Menu.png Graphic file (type png)
<use imagenes/iconografia/Menu.png>
Package pdftex.def Info: imagenes/iconografia/Menu.png  used on input line 72.
(pdftex.def)             Requested size: 30.48882pt x 15.4326pt.
File: imagenes/iconografia/Carrito.png Graphic file (type png)
<use imagenes/iconografia/Carrito.png>
Package pdftex.def Info: imagenes/iconografia/Carrito.png  used on input line 7
3.
(pdftex.def)             Requested size: 37.26411pt x 16.56183pt.
<imagenes/iconografia/Tamanos.png, id=621, 90.3375pt x 33.87656pt>
File: imagenes/iconografia/Tamanos.png Graphic file (type png)
<use imagenes/iconografia/Tamanos.png>
Package pdftex.def Info: imagenes/iconografia/Tamanos.png  used on input line 7
4.
(pdftex.def)             Requested size: 45.16862pt x 16.93823pt.
LaTeX Info: Redefining \. on input line 75.
LaTeX Info: Redefining \% on input line 75.

Overfull \hbox (15.6427pt too wide) has occurred while \output is active
\OT1/cmr/m/sl/10.95 CAP[]ITULO 6.  MODELO DE INTERACCI[]ON: PIZZA COLLABORATION
 \OT1/cmr/m/n/10.95 29
 []

[29 <./imagenes/IUs/RegistroSolicitantes/iu1-IniciarSesion/IU2-PersonalizaPizza
.png>]
<imagenes/iconografia/Tipos.png, id=627, 67.0003pt x 31.61812pt>
File: imagenes/iconografia/Tipos.png Graphic file (type png)
<use imagenes/iconografia/Tipos.png>
Package pdftex.def Info: imagenes/iconografia/Tipos.png  used on input line 75.

(pdftex.def)             Requested size: 33.50006pt x 15.809pt.
<imagenes/iconografia/Cantidad.png, id=628, 45.16875pt x 27.10126pt>
File: imagenes/iconografia/Cantidad.png Graphic file (type png)
<use imagenes/iconografia/Cantidad.png>
Package pdftex.def Info: imagenes/iconografia/Cantidad.png  used on input line 
76.
(pdftex.def)             Requested size: 22.5843pt x 13.55058pt.
<imagenes/iconografia/AgregarCarrito.png, id=629, 138.5175pt x 32.37094pt>
File: imagenes/iconografia/AgregarCarrito.png Graphic file (type png)
<use imagenes/iconografia/AgregarCarrito.png>
Package pdftex.def Info: imagenes/iconografia/AgregarCarrito.png  used on input
 line 77.
(pdftex.def)             Requested size: 69.25858pt x 16.18542pt.
<imagenes/iconografia/Cancelar.png, id=631, 85.06781pt x 29.35968pt>
File: imagenes/iconografia/Cancelar.png Graphic file (type png)
<use imagenes/iconografia/Cancelar.png>
Package pdftex.def Info: imagenes/iconografia/Cancelar.png  used on input line 
78.
(pdftex.def)             Requested size: 42.5338pt x 14.6798pt.
<imagenes/IUs/RegistroSolicitantes/iu1-IniciarSesion/IU2-1-PersonalizaPizzaMens
aje.png, id=633, 808.52063pt x 458.46281pt>
File: imagenes/IUs/RegistroSolicitantes/iu1-IniciarSesion/IU2-1-PersonalizaPizz
aMensaje.png Graphic file (type png)
<use imagenes/IUs/RegistroSolicitantes/iu1-IniciarSesion/IU2-1-PersonalizaPizza
Mensaje.png>
Package pdftex.def Info: imagenes/IUs/RegistroSolicitantes/iu1-IniciarSesion/IU
2-1-PersonalizaPizzaMensaje.png  used on input line 89.
(pdftex.def)             Requested size: 404.25932pt x 229.23083pt.

Overfull \hbox (44.25932pt too wide) in paragraph at lines 89--90
 [] 
 []

<imagenes/iconografia/Aceptar.png, id=634, 77.53969pt x 29.35968pt>
File: imagenes/iconografia/Aceptar.png Graphic file (type png)
<use imagenes/iconografia/Aceptar.png>
Package pdftex.def Info: imagenes/iconografia/Aceptar.png  used on input line 1
01.
(pdftex.def)             Requested size: 38.76973pt x 14.6798pt.

Underfull \hbox (badness 10000) in paragraph at lines 111--112

 []

LaTeX Info: Redefining \. on input line 113.
LaTeX Info: Redefining \% on input line 113.

Overfull \hbox (15.6427pt too wide) has occurred while \output is active
\OT1/cmr/m/sl/10.95 CAP[]ITULO 6.  MODELO DE INTERACCI[]ON: PIZZA COLLABORATION
 \OT1/cmr/m/n/10.95 30
 []

[30 <./imagenes/iconografia/Tamanos.png> <./imagenes/iconografia/Tipos.png> <./
imagenes/iconografia/Cantidad.png> <./imagenes/iconografia/AgregarCarrito.png> 
<./imagenes/iconografia/Cancelar.png> <./imagenes/IUs/RegistroSolicitantes/iu1-
IniciarSesion/IU2-1-PersonalizaPizzaMensaje.png> <./imagenes/iconografia/Acepta
r.png>]
<./imagenes/IUs/RegistroSolicitantes/iu1-IniciarSesion/IU3-CarritoDeCompras.png
, id=649, 808.52063pt x 454.69875pt>
File: ./imagenes/IUs/RegistroSolicitantes/iu1-IniciarSesion/IU3-CarritoDeCompra
s.png Graphic file (type png)
<use ./imagenes/IUs/RegistroSolicitantes/iu1-IniciarSesion/IU3-CarritoDeCompras
.png>
Package pdftex.def Info: ./imagenes/IUs/RegistroSolicitantes/iu1-IniciarSesion/
IU3-CarritoDeCompras.png  used on input line 123.
(pdftex.def)             Requested size: 404.25932pt x 227.34882pt.

Overfull \hbox (44.25932pt too wide) in paragraph at lines 123--124
 [] 
 []

File: imagenes/iconografia/Menu.png Graphic file (type png)
<use imagenes/iconografia/Menu.png>
Package pdftex.def Info: imagenes/iconografia/Menu.png  used on input line 139.

(pdftex.def)             Requested size: 30.48882pt x 15.4326pt.
File: imagenes/iconografia/Carrito.png Graphic file (type png)
<use imagenes/iconografia/Carrito.png>
Package pdftex.def Info: imagenes/iconografia/Carrito.png  used on input line 1
40.
(pdftex.def)             Requested size: 37.26411pt x 16.56183pt.
<imagenes/iconografia/Eliminar.png, id=653, 77.53969pt x 29.35968pt>
File: imagenes/iconografia/Eliminar.png Graphic file (type png)
<use imagenes/iconografia/Eliminar.png>
Package pdftex.def Info: imagenes/iconografia/Eliminar.png  used on input line 
141.
(pdftex.def)             Requested size: 38.76973pt x 14.6798pt.
LaTeX Info: Redefining \. on input line 142.
LaTeX Info: Redefining \% on input line 142.

Overfull \hbox (15.6427pt too wide) has occurred while \output is active
\OT1/cmr/m/sl/10.95 CAP[]ITULO 6.  MODELO DE INTERACCI[]ON: PIZZA COLLABORATION
 \OT1/cmr/m/n/10.95 31
 []

[31 <./imagenes/IUs/RegistroSolicitantes/iu1-IniciarSesion/IU3-CarritoDeCompras
.png>]
<imagenes/iconografia/Proceder.png, id=659, 175.40532pt x 30.1125pt>
File: imagenes/iconografia/Proceder.png Graphic file (type png)
<use imagenes/iconografia/Proceder.png>
Package pdftex.def Info: imagenes/iconografia/Proceder.png  used on input line 
142.
(pdftex.def)             Requested size: 87.70244pt x 15.0562pt.
<imagenes/IUs/RegistroSolicitantes/iu1-IniciarSesion/IU3-1CarritoDeComprasQuita
r.png, id=661, 809.27344pt x 459.21562pt>
File: imagenes/IUs/RegistroSolicitantes/iu1-IniciarSesion/IU3-1CarritoDeCompras
Quitar.png Graphic file (type png)
<use imagenes/IUs/RegistroSolicitantes/iu1-IniciarSesion/IU3-1CarritoDeComprasQ
uitar.png>
Package pdftex.def Info: imagenes/IUs/RegistroSolicitantes/iu1-IniciarSesion/IU
3-1CarritoDeComprasQuitar.png  used on input line 154.
(pdftex.def)             Requested size: 404.63573pt x 229.60724pt.

Overfull \hbox (44.63573pt too wide) in paragraph at lines 154--155
 [] 
 []

File: imagenes/iconografia/Cancelar.png Graphic file (type png)
<use imagenes/iconografia/Cancelar.png>
Package pdftex.def Info: imagenes/iconografia/Cancelar.png  used on input line 
166.
(pdftex.def)             Requested size: 42.5338pt x 14.6798pt.
File: imagenes/iconografia/Aceptar.png Graphic file (type png)
<use imagenes/iconografia/Aceptar.png>
Package pdftex.def Info: imagenes/iconografia/Aceptar.png  used on input line 1
67.
(pdftex.def)             Requested size: 38.76973pt x 14.6798pt.
<imagenes/IUs/RegistroSolicitantes/iu1-IniciarSesion/IU3-2CarritoDeComprasVacio
.png, id=664, 808.52063pt x 460.72125pt>
File: imagenes/IUs/RegistroSolicitantes/iu1-IniciarSesion/IU3-2CarritoDeCompras
Vacio.png Graphic file (type png)
<use imagenes/IUs/RegistroSolicitantes/iu1-IniciarSesion/IU3-2CarritoDeComprasV
acio.png>
Package pdftex.def Info: imagenes/IUs/RegistroSolicitantes/iu1-IniciarSesion/IU
3-2CarritoDeComprasVacio.png  used on input line 176.
(pdftex.def)             Requested size: 404.25932pt x 230.36006pt.

Overfull \hbox (44.25932pt too wide) in paragraph at lines 176--177
 [] 
 []

<imagenes/iconografia/Seguir.png, id=665, 137.01187pt x 27.85406pt>
File: imagenes/iconografia/Seguir.png Graphic file (type png)
<use imagenes/iconografia/Seguir.png>
Package pdftex.def Info: imagenes/iconografia/Seguir.png  used on input line 18
6.
(pdftex.def)             Requested size: 68.50577pt x 13.92699pt.

LaTeX Warning: `h' float specifier changed to `ht'.

LaTeX Info: Redefining \. on input line 193.
LaTeX Info: Redefining \% on input line 193.

Overfull \hbox (15.6427pt too wide) has occurred while \output is active
\OT1/cmr/m/sl/10.95 CAP[]ITULO 6.  MODELO DE INTERACCI[]ON: PIZZA COLLABORATION
 \OT1/cmr/m/n/10.95 32
 []

[32 <./imagenes/iconografia/Eliminar.png> <./imagenes/iconografia/Proceder.png>
 <./imagenes/IUs/RegistroSolicitantes/iu1-IniciarSesion/IU3-1CarritoDeComprasQu
itar.png>]
Underfull \hbox (badness 10000) in paragraph at lines 197--198

 []


Underfull \hbox (badness 10000) in paragraph at lines 202--203

 []


Underfull \hbox (badness 10000) in paragraph at lines 202--203

 []

<./imagenes/IUs/RegistroSolicitantes/iu1-IniciarSesion/IU4-DatosDeCompra.png, i
d=677, 809.27344pt x 456.20438pt>
File: ./imagenes/IUs/RegistroSolicitantes/iu1-IniciarSesion/IU4-DatosDeCompra.p
ng Graphic file (type png)
<use ./imagenes/IUs/RegistroSolicitantes/iu1-IniciarSesion/IU4-DatosDeCompra.pn
g>
Package pdftex.def Info: ./imagenes/IUs/RegistroSolicitantes/iu1-IniciarSesion/
IU4-DatosDeCompra.png  used on input line 209.
(pdftex.def)             Requested size: 404.63573pt x 228.10162pt.

Overfull \hbox (44.63573pt too wide) in paragraph at lines 209--210
 [] 
 []


LaTeX Warning: `h' float specifier changed to `ht'.

LaTeX Info: Redefining \. on input line 218.
LaTeX Info: Redefining \% on input line 218.

Overfull \hbox (15.6427pt too wide) has occurred while \output is active
\OT1/cmr/m/sl/10.95 CAP[]ITULO 6.  MODELO DE INTERACCI[]ON: PIZZA COLLABORATION
 \OT1/cmr/m/n/10.95 33
 []

[33 <./imagenes/IUs/RegistroSolicitantes/iu1-IniciarSesion/IU3-2CarritoDeCompra
sVacio.png> <./imagenes/iconografia/Seguir.png>]
File: imagenes/iconografia/Carrito.png Graphic file (type png)
<use imagenes/iconografia/Carrito.png>
Package pdftex.def Info: imagenes/iconografia/Carrito.png  used on input line 2
24.
(pdftex.def)             Requested size: 37.26411pt x 16.56183pt.
File: imagenes/iconografia/Menu.png Graphic file (type png)
<use imagenes/iconografia/Menu.png>
Package pdftex.def Info: imagenes/iconografia/Menu.png  used on input line 225.

(pdftex.def)             Requested size: 30.48882pt x 15.4326pt.
LaTeX Info: Redefining \. on input line 233.
LaTeX Info: Redefining \% on input line 233.

Overfull \hbox (15.6427pt too wide) has occurred while \output is active
\OT1/cmr/m/sl/10.95 CAP[]ITULO 6.  MODELO DE INTERACCI[]ON: PIZZA COLLABORATION
 \OT1/cmr/m/n/10.95 34
 []

[34 <./imagenes/IUs/RegistroSolicitantes/iu1-IniciarSesion/IU4-DatosDeCompra.pn
g>]
File: imagenes/iconografia/Cancelar.png Graphic file (type png)
<use imagenes/iconografia/Cancelar.png>
Package pdftex.def Info: imagenes/iconografia/Cancelar.png  used on input line 
235.
(pdftex.def)             Requested size: 42.5338pt x 14.6798pt.
<imagenes/iconografia/Continuar.png, id=694, 88.83188pt x 31.61812pt>
File: imagenes/iconografia/Continuar.png Graphic file (type png)
<use imagenes/iconografia/Continuar.png>
Package pdftex.def Info: imagenes/iconografia/Continuar.png  used on input line
 236.
(pdftex.def)             Requested size: 44.41582pt x 15.809pt.

Underfull \hbox (badness 10000) in paragraph at lines 245--246

 []

<./imagenes/IUs/RegistroSolicitantes/iu1-IniciarSesion/IU5-MetodoDePago.png, id
=698, 807.015pt x 455.45157pt>
File: ./imagenes/IUs/RegistroSolicitantes/iu1-IniciarSesion/IU5-MetodoDePago.pn
g Graphic file (type png)
<use ./imagenes/IUs/RegistroSolicitantes/iu1-IniciarSesion/IU5-MetodoDePago.png
>
Package pdftex.def Info: ./imagenes/IUs/RegistroSolicitantes/iu1-IniciarSesion/
IU5-MetodoDePago.png  used on input line 257.
(pdftex.def)             Requested size: 403.50652pt x 227.72522pt.

Overfull \hbox (43.50652pt too wide) in paragraph at lines 257--258
 [] 
 []


LaTeX Warning: `h' float specifier changed to `ht'.

LaTeX Info: Redefining \. on input line 270.
LaTeX Info: Redefining \% on input line 270.

Overfull \hbox (15.6427pt too wide) has occurred while \output is active
\OT1/cmr/m/sl/10.95 CAP[]ITULO 6.  MODELO DE INTERACCI[]ON: PIZZA COLLABORATION
 \OT1/cmr/m/n/10.95 35
 []

[35 <./imagenes/iconografia/Continuar.png>]
File: imagenes/iconografia/Carrito.png Graphic file (type png)
<use imagenes/iconografia/Carrito.png>
Package pdftex.def Info: imagenes/iconografia/Carrito.png  used on input line 2
74.
(pdftex.def)             Requested size: 37.26411pt x 16.56183pt.
File: imagenes/iconografia/Menu.png Graphic file (type png)
<use imagenes/iconografia/Menu.png>
Package pdftex.def Info: imagenes/iconografia/Menu.png  used on input line 275.

(pdftex.def)             Requested size: 30.48882pt x 15.4326pt.
LaTeX Info: Redefining \. on input line 281.
LaTeX Info: Redefining \% on input line 281.

Overfull \hbox (15.6427pt too wide) has occurred while \output is active
\OT1/cmr/m/sl/10.95 CAP[]ITULO 6.  MODELO DE INTERACCI[]ON: PIZZA COLLABORATION
 \OT1/cmr/m/n/10.95 36
 []

[36 <./imagenes/IUs/RegistroSolicitantes/iu1-IniciarSesion/IU5-MetodoDePago.png
>]
File: imagenes/iconografia/Cancelar.png Graphic file (type png)
<use imagenes/iconografia/Cancelar.png>
Package pdftex.def Info: imagenes/iconografia/Cancelar.png  used on input line 
283.
(pdftex.def)             Requested size: 42.5338pt x 14.6798pt.
<imagenes/iconografia/Regresar.png, id=714, 88.07906pt x 28.60687pt>
File: imagenes/iconografia/Regresar.png Graphic file (type png)
<use imagenes/iconografia/Regresar.png>
Package pdftex.def Info: imagenes/iconografia/Regresar.png  used on input line 
284.
(pdftex.def)             Requested size: 44.03941pt x 14.30339pt.
File: imagenes/iconografia/Continuar.png Graphic file (type png)
<use imagenes/iconografia/Continuar.png>
Package pdftex.def Info: imagenes/iconografia/Continuar.png  used on input line
 285.
(pdftex.def)             Requested size: 44.41582pt x 15.809pt.

Underfull \hbox (badness 10000) in paragraph at lines 292--293

 []

<./imagenes/IUs/RegistroSolicitantes/iu1-IniciarSesion/IU6-CompraExitosa.png, i
d=719, 807.015pt x 457.71pt>
File: ./imagenes/IUs/RegistroSolicitantes/iu1-IniciarSesion/IU6-CompraExitosa.p
ng Graphic file (type png)
<use ./imagenes/IUs/RegistroSolicitantes/iu1-IniciarSesion/IU6-CompraExitosa.pn
g>
Package pdftex.def Info: ./imagenes/IUs/RegistroSolicitantes/iu1-IniciarSesion/
IU6-CompraExitosa.png  used on input line 304.
(pdftex.def)             Requested size: 403.50652pt x 228.85445pt.

Overfull \hbox (43.50652pt too wide) in paragraph at lines 304--305
 [] 
 []

File: imagenes/iconografia/Carrito.png Graphic file (type png)
<use imagenes/iconografia/Carrito.png>
Package pdftex.def Info: imagenes/iconografia/Carrito.png  used on input line 3
17.
(pdftex.def)             Requested size: 37.26411pt x 16.56183pt.
File: imagenes/iconografia/Menu.png Graphic file (type png)
<use imagenes/iconografia/Menu.png>
Package pdftex.def Info: imagenes/iconografia/Menu.png  used on input line 318.

(pdftex.def)             Requested size: 30.48882pt x 15.4326pt.
<imagenes/iconografia/Descarga.png, id=723, 122.70844pt x 73.02281pt>
File: imagenes/iconografia/Descarga.png Graphic file (type png)
<use imagenes/iconografia/Descarga.png>
Package pdftex.def Info: imagenes/iconografia/Descarga.png  used on input line 
319.
(pdftex.def)             Requested size: 49.08249pt x 29.20859pt.

LaTeX Warning: `h' float specifier changed to `ht'.

)) (bibliografia.tex
LaTeX Info: Redefining \. on input line 2.
LaTeX Info: Redefining \% on input line 2.

Overfull \hbox (15.6427pt too wide) has occurred while \output is active
\OT1/cmr/m/sl/10.95 CAP[]ITULO 6.  MODELO DE INTERACCI[]ON: PIZZA COLLABORATION
 \OT1/cmr/m/n/10.95 37
 []

[37 <./imagenes/iconografia/Regresar.png>]
LaTeX Info: Redefining \. on input line 2.
LaTeX Info: Redefining \% on input line 2.

Overfull \hbox (15.6427pt too wide) has occurred while \output is active
\OT1/cmr/m/sl/10.95 CAP[]ITULO 6.  MODELO DE INTERACCI[]ON: PIZZA COLLABORATION
 \OT1/cmr/m/n/10.95 38
 []

[38 <./imagenes/IUs/RegistroSolicitantes/iu1-IniciarSesion/IU6-CompraExitosa.pn
g> <./imagenes/iconografia/Descarga.png>])
Package atveryend Info: Empty hook `BeforeClearDocument' on input line 68.
 [39

]
Package atveryend Info: Empty hook `AfterLastShipout' on input line 68.

(Tarea4-DocumentacionAnalisis-Analisis-IS-Grupo-ApellidosNombre.aux
LaTeX Info: Redefining \. on input line 23.
LaTeX Info: Redefining \% on input line 23.
)
Package atveryend Info: Executing hook `AtVeryEndDocument' on input line 68.
Package atveryend Info: Executing hook `AtEndAfterFileList' on input line 68.
Package rerunfilecheck Info: File `Tarea4-DocumentacionAnalisis-Analisis-IS-Gru
po-ApellidosNombre.out' has not changed.
(rerunfilecheck)             Checksum: B65E0CF1996DF632AEEDDAC8D8832066;2828.
Package atveryend Info: Empty hook `AtVeryVeryEnd' on input line 68.
 ) 
Here is how much of TeX's memory you used:
 6468 strings out of 492946
 102501 string characters out of 3126267
 190683 words of memory out of 3000000
 9994 multiletter control sequences out of 15000+200000
 11062 words of font info for 38 fonts, out of 3000000 for 9000
 1141 hyphenation exceptions out of 8191
 29i,7n,31p,586b,662s stack positions out of 5000i,500n,10000p,200000b,50000s
pdfTeX warning (dest): name{TAC:CU3} has been referenced but does not exist, 
replaced by a fixed one

pdfTeX warning (dest): name{TAF:CU3} has been referenced but does not exist, re
placed by a fixed one

pdfTeX warning (dest): name{TAE:CU3} has been referenced but does not exist, re
placed by a fixed one

pdfTeX warning (dest): name{TAD:CU3} has been referenced but does not exist, re
placed by a fixed one

pdfTeX warning (dest): name{CU3:TAD} has been referenced but does not exist, re
placed by a fixed one

pdfTeX warning (dest): name{RN} has been referenced but does not exist, replace
d by a fixed one

pdfTeX warning (dest): name{CU2.1} has been referenced but does not exist, repl
aced by a fixed one

<C:/Users/maryf/AppData/Local/Programs/MiKTeX 2.9/fonts/type1/public/amsfonts/c
m/cmbx10.pfb><C:/Users/maryf/AppData/Local/Programs/MiKTeX 2.9/fonts/type1/publ
ic/amsfonts/cm/cmbx12.pfb><C:/Users/maryf/AppData/Local/Programs/MiKTeX 2.9/fon
ts/type1/public/amsfonts/cm/cmcsc10.pfb><C:/Users/maryf/AppData/Local/Programs/
MiKTeX 2.9/fonts/type1/public/amsfonts/cm/cmmi10.pfb><C:/Users/maryf/AppData/Lo
cal/Programs/MiKTeX 2.9/fonts/type1/public/amsfonts/cm/cmmi8.pfb><C:/Users/mary
f/AppData/Local/Programs/MiKTeX 2.9/fonts/type1/public/amsfonts/cm/cmr10.pfb><C
:/Users/maryf/AppData/Local/Programs/MiKTeX 2.9/fonts/type1/public/amsfonts/cm/
cmr17.pfb><C:/Users/maryf/AppData/Local/Programs/MiKTeX 2.9/fonts/type1/public/
amsfonts/cm/cmsl10.pfb><C:/Users/maryf/AppData/Local/Programs/MiKTeX 2.9/fonts/
type1/public/amsfonts/cm/cmsy10.pfb><C:/Users/maryf/AppData/Local/Programs/MiKT
eX 2.9/fonts/type1/public/amsfonts/cm/cmti10.pfb><C:/Users/maryf/AppData/Local/
Programs/MiKTeX 2.9/fonts/type1/public/amsfonts/cm/cmti12.pfb>
Output written on Tarea4-DocumentacionAnalisis-Analisis-IS-Grupo-ApellidosNombr
e.pdf (44 pages, 911410 bytes).
PDF statistics:
 830 PDF objects out of 1000 (max. 8388607)
 223 named destinations out of 1000 (max. 500000)
 476 words of extra memory for PDF output out of 10000 (max. 10000000)

